<?xml version="1.0" encoding="UTF-8"?>
<testsuite xmlns:xsi="http://www.w3.org/2001/XMLSchema-instance" xsi:noNamespaceSchemaLocation="https://maven.apache.org/surefire/maven-surefire-plugin/xsd/surefire-test-report-3.0.xsd" version="3.0" name="me.vasujain.AppTest" time="0.019" tests="1" errors="0" skipped="0" failures="0">
  <properties>
    <property name="java.specification.version" value="21"/>
    <property name="sun.jnu.encoding" value="UTF-8"/>
    <property name="java.class.path" value="/home/vasu/personal/ewa-practical-13/target/test-classes:/home/vasu/personal/ewa-practical-13/target/classes:/home/vasu/.m2/repository/junit/junit/3.8.1/junit-3.8.1.jar:/home/vasu/.m2/repository/com/mysql/mysql-connector-j/8.0.33/mysql-connector-j-8.0.33.jar:/home/vasu/.m2/repository/com/google/protobuf/protobuf-java/3.21.9/protobuf-java-3.21.9.jar:"/>
    <property name="java.vm.vendor" value="Oracle Corporation"/>
    <property name="sun.arch.data.model" value="64"/>
    <property name="java.vendor.url" value="https://openjdk.org/"/>
    <property name="os.name" value="Linux"/>
    <property name="java.vm.specification.version" value="21"/>
    <property name="sun.java.launcher" value="SUN_STANDARD"/>
    <property name="user.country" value="US"/>
    <property name="sun.boot.library.path" value="/nix/store/z0hakcf7s1r4wfmwkk6z44wx9b7qfgp3-openjdk-headless-21.0.3+9/lib/openjdk/lib"/>
    <property name="sun.java.command" value="/home/vasu/personal/ewa-practical-13/target/surefire/surefirebooter-20241105102502284_3.jar /home/vasu/personal/ewa-practical-13/target/surefire 2024-11-05T10-25-02_219-jvmRun1 surefire-20241105102502284_1tmp surefire_0-20241105102502284_2tmp"/>
    <property name="jdk.debug" value="release"/>
    <property name="surefire.test.class.path" value="/home/vasu/personal/ewa-practical-13/target/test-classes:/home/vasu/personal/ewa-practical-13/target/classes:/home/vasu/.m2/repository/junit/junit/3.8.1/junit-3.8.1.jar:/home/vasu/.m2/repository/com/mysql/mysql-connector-j/8.0.33/mysql-connector-j-8.0.33.jar:/home/vasu/.m2/repository/com/google/protobuf/protobuf-java/3.21.9/protobuf-java-3.21.9.jar:"/>
    <property name="sun.cpu.endian" value="little"/>
    <property name="user.home" value="/home/vasu"/>
    <property name="user.language" value="en"/>
    <property name="java.specification.vendor" value="Oracle Corporation"/>
    <property name="java.version.date" value="2024-04-16"/>
    <property name="java.home" value="/nix/store/z0hakcf7s1r4wfmwkk6z44wx9b7qfgp3-openjdk-headless-21.0.3+9/lib/openjdk"/>
    <property name="file.separator" value="/"/>
    <property name="basedir" value="/home/vasu/personal/ewa-practical-13"/>
    <property name="java.vm.compressedOopsMode" value="Zero based"/>
    <property name="line.separator" value="&#10;"/>
    <property name="java.specification.name" value="Java Platform API Specification"/>
    <property name="java.vm.specification.vendor" value="Oracle Corporation"/>
    <property name="surefire.real.class.path" value="/home/vasu/personal/ewa-practical-13/target/surefire/surefirebooter-20241105102502284_3.jar"/>
    <property name="sun.management.compiler" value="HotSpot 64-Bit Tiered Compilers"/>
    <property name="java.runtime.version" value="21.0.3+9-nixos"/>
    <property name="user.name" value="vasu"/>
    <property name="stdout.encoding" value="UTF-8"/>
    <property name="path.separator" value=":"/>
    <property name="os.version" value="6.10.9-zen1"/>
    <property name="java.runtime.name" value="OpenJDK Runtime Environment"/>
    <property name="file.encoding" value="UTF-8"/>
    <property name="java.vm.name" value="OpenJDK 64-Bit Server VM"/>
    <property name="localRepository" value="/home/vasu/.m2/repository"/>
    <property name="java.vendor.url.bug" value="https://bugreport.java.com/bugreport/"/>
    <property name="java.io.tmpdir" value="/tmp"/>
    <property name="java.version" value="21.0.3"/>
    <property name="user.dir" value="/home/vasu/personal/ewa-practical-13"/>
    <property name="os.arch" value="amd64"/>
    <property name="java.vm.specification.name" value="Java Virtual Machine Specification"/>
    <property name="native.encoding" value="UTF-8"/>
    <property name="java.library.path" value="/etc/sane-libs:/nix/store/x1xy3qj2cllwrg33jyj7j28sf841cr1z-pipewire-1.2.3-jack/lib:/usr/java/packages/lib:/usr/lib64:/lib64:/lib:/usr/lib"/>
    <property name="java.vm.info" value="mixed mode, sharing"/>
    <property name="stderr.encoding" value="UTF-8"/>
    <property name="java.vendor" value="N/A"/>
    <property name="java.vm.version" value="21.0.3+9-nixos"/>
    <property name="sun.io.unicode.encoding" value="UnicodeLittle"/>
    <property name="java.class.version" value="65.0"/>
  </properties>
  <testcase name="testApp" classname="me.vasujain.AppTest" time="0.002"/>
</testsuite>